<?xml version="1.0" encoding="UTF-8"?>
<!-- Generated by org.testng.reporters.JUnitReportReporter -->
<testsuite hostname="DESKTOP-E6DDM8A" failures="0" tests="2" name="functional_bug.App" time="1.567" errors="0" timestamp="2021-12-31T11:47:08 IST" skipped="0">
  <testcase classname="functional_bug.App" name="AddSearchingTest" time="1.355"/>
  <system-out/>
  <testcase classname="functional_bug.App" name="AddFormDetailsTest" time="0.212"/>
  <system-out/>
</testsuite> <!-- functional_bug.App -->
